19/04/28 19:05:00 INFO client.RMProxy: Connecting to ResourceManager at hadoop-a/192.168.2.30:8032
19/04/28 19:05:00 WARN mapreduce.JobResourceUploader: Hadoop command-line option parsing not performed. Implement the Tool interface and execute your application with ToolRunner to remedy this.
19/04/28 19:05:00 INFO input.FileInputFormat: Total input files to process : 1
19/04/28 19:05:00 INFO mapreduce.JobSubmitter: number of splits:119
19/04/28 19:05:01 INFO Configuration.deprecation: yarn.resourcemanager.system-metrics-publisher.enabled is deprecated. Instead, use yarn.system-metrics-publisher.enabled
19/04/28 19:05:01 INFO mapreduce.JobSubmitter: Submitting tokens for job: job_1524521941871_0403
19/04/28 19:05:01 INFO impl.YarnClientImpl: Submitted application application_1524521941871_0403
19/04/28 19:05:01 INFO mapreduce.Job: The url to track the job: http://hadoop-f:8088/proxy/application_1524521941871_0403/
19/04/28 19:05:01 INFO mapreduce.Job: Running job: job_1524521941871_0403
19/04/28 19:05:09 INFO mapreduce.Job: Job job_1524521941871_0403 running in uber mode : false
19/04/28 19:05:09 INFO mapreduce.Job:  map 0% reduce 0%
19/04/28 19:05:24 INFO mapreduce.Job:  map 1% reduce 0%
19/04/28 19:05:26 INFO mapreduce.Job:  map 6% reduce 0%
19/04/28 19:05:28 INFO mapreduce.Job:  map 7% reduce 0%
19/04/28 19:05:31 INFO mapreduce.Job:  map 8% reduce 0%
19/04/28 19:05:33 INFO mapreduce.Job:  map 10% reduce 0%
19/04/28 19:05:34 INFO mapreduce.Job:  map 17% reduce 0%
19/04/28 19:05:35 INFO mapreduce.Job:  map 19% reduce 0%
19/04/28 19:05:36 INFO mapreduce.Job:  map 22% reduce 0%
19/04/28 19:05:44 INFO mapreduce.Job:  map 23% reduce 0%
19/04/28 19:05:45 INFO mapreduce.Job:  map 28% reduce 6%
19/04/28 19:05:51 INFO mapreduce.Job:  map 28% reduce 9%
19/04/28 19:05:53 INFO mapreduce.Job:  map 30% reduce 9%
19/04/28 19:05:54 INFO mapreduce.Job:  map 31% reduce 9%
19/04/28 19:05:55 INFO mapreduce.Job:  map 33% reduce 9%
19/04/28 19:05:56 INFO mapreduce.Job:  map 36% reduce 9%
19/04/28 19:05:57 INFO mapreduce.Job:  map 36% reduce 10%
19/04/28 19:05:58 INFO mapreduce.Job:  map 38% reduce 10%
19/04/28 19:05:59 INFO mapreduce.Job:  map 43% reduce 10%
19/04/28 23:08:00 INFO mapreduce.Job:  map 44% reduce 10%
19/04/28 23:08:01 INFO mapreduce.Job:  map 47% reduce 10%
19/04/28 23:08:03 INFO mapreduce.Job:  map 47% reduce 13%
19/04/28 23:08:09 INFO mapreduce.Job:  map 47% reduce 15%
19/04/28 23:08:12 INFO mapreduce.Job:  map 48% reduce 15%
19/04/28 23:08:14 INFO mapreduce.Job:  map 49% reduce 15%
19/04/28 23:08:15 INFO mapreduce.Job:  map 52% reduce 16%
19/04/28 23:08:16 INFO mapreduce.Job:  map 57% reduce 16%
19/04/28 23:08:17 INFO mapreduce.Job:  map 61% reduce 16%
19/04/28 23:08:18 INFO mapreduce.Job:  map 62% reduce 16%
19/04/28 23:08:19 INFO mapreduce.Job:  map 66% reduce 16%
19/04/28 23:08:21 INFO mapreduce.Job:  map 67% reduce 18%
19/04/28 23:08:22 INFO mapreduce.Job:  map 68% reduce 18%
19/04/28 23:08:27 INFO mapreduce.Job:  map 68% reduce 21%
19/04/28 23:08:33 INFO mapreduce.Job:  map 73% reduce 23%
19/04/28 23:08:35 INFO mapreduce.Job:  map 76% reduce 23%
19/04/28 23:08:36 INFO mapreduce.Job:  map 80% reduce 23%
19/04/28 23:08:38 INFO mapreduce.Job:  map 81% reduce 23%
19/04/28 23:08:39 INFO mapreduce.Job:  map 81% reduce 25%
19/04/28 23:08:40 INFO mapreduce.Job:  map 82% reduce 25%
19/04/28 23:08:42 INFO mapreduce.Job:  map 87% reduce 25%
19/04/28 23:08:43 INFO mapreduce.Job:  map 88% reduce 25%
19/04/28 23:08:45 INFO mapreduce.Job:  map 88% reduce 28%
19/04/28 23:08:46 INFO mapreduce.Job:  map 89% reduce 28%
19/04/28 23:08:48 INFO mapreduce.Job:  map 92% reduce 28%
19/04/28 23:08:49 INFO mapreduce.Job:  map 96% reduce 28%
19/04/28 23:08:51 INFO mapreduce.Job:  map 96% reduce 30%
19/04/28 23:08:53 INFO mapreduce.Job:  map 97% reduce 30%
19/04/28 23:08:54 INFO mapreduce.Job:  map 98% reduce 30%
19/04/28 23:08:56 INFO mapreduce.Job:  map 100% reduce 30%
19/04/28 23:08:57 INFO mapreduce.Job:  map 100% reduce 33%
19/04/28 23:09:58 INFO mapreduce.Job:  map 100% reduce 35%
19/04/28 23:10:04 INFO mapreduce.Job:  map 100% reduce 42%
19/04/28 23:10:10 INFO mapreduce.Job:  map 100% reduce 47%
19/04/28 23:10:16 INFO mapreduce.Job:  map 100% reduce 55%
19/04/28 23:10:22 INFO mapreduce.Job:  map 100% reduce 59%
19/04/28 23:10:28 INFO mapreduce.Job:  map 100% reduce 67%
19/04/28 23:10:34 INFO mapreduce.Job:  map 100% reduce 68%
19/04/28 23:10:40 INFO mapreduce.Job:  map 100% reduce 70%
19/04/28 23:10:46 INFO mapreduce.Job:  map 100% reduce 71%
19/04/28 23:10:52 INFO mapreduce.Job:  map 100% reduce 73%
19/04/28 23:10:58 INFO mapreduce.Job:  map 100% reduce 74%
19/04/28 23:11:03 INFO mapreduce.Job:  map 100% reduce 76%
19/04/28 23:11:09 INFO mapreduce.Job:  map 100% reduce 77%
19/04/28 23:11:15 INFO mapreduce.Job:  map 100% reduce 78%
19/04/28 23:11:21 INFO mapreduce.Job:  map 100% reduce 80%
19/04/28 23:11:27 INFO mapreduce.Job:  map 100% reduce 81%
19/04/28 23:11:33 INFO mapreduce.Job:  map 100% reduce 83%
19/04/28 23:11:39 INFO mapreduce.Job:  map 100% reduce 84%
19/04/28 23:11:45 INFO mapreduce.Job:  map 100% reduce 85%
19/04/28 23:11:51 INFO mapreduce.Job:  map 100% reduce 86%
19/04/28 23:11:57 INFO mapreduce.Job:  map 100% reduce 88%
19/04/28 23:12:03 INFO mapreduce.Job:  map 100% reduce 89%
19/04/28 23:12:09 INFO mapreduce.Job:  map 100% reduce 91%
19/04/28 23:12:15 INFO mapreduce.Job:  map 100% reduce 92%
19/04/28 23:12:21 INFO mapreduce.Job:  map 100% reduce 94%
19/04/28 23:12:28 INFO mapreduce.Job:  map 100% reduce 95%
19/04/28 23:12:34 INFO mapreduce.Job:  map 100% reduce 96%
19/04/28 23:12:40 INFO mapreduce.Job:  map 100% reduce 98%
19/04/28 23:12:46 INFO mapreduce.Job:  map 100% reduce 99%
19/04/28 23:12:50 INFO mapreduce.Job:  map 100% reduce 100%
19/04/28 23:12:50 INFO mapreduce.Job: Job job_1524521941871_0403 completed successfully
19/04/28 23:12:50 INFO mapreduce.Job: Counters: 51
	File System Counters
		FILE: Number of bytes read=17651159237
		FILE: Number of bytes written=25755539475
		FILE: Number of read operations=0
import java.io.IOException;
		FILE: Number of large read operations=0
		FILE: Number of write operations=0
		HDFS: Number of bytes read=8000500864
		HDFS: Number of bytes written=15000000000
		HDFS: Number of read operations=363
		HDFS: Number of large read operations=0
		HDFS: Number of write operations=2
	Job Counters
		Killed map tasks=1
		Launched map tasks=121
		Launched reduce tasks=1
		Data-local map tasks=105
		Rack-local map tasks=16
		Total time spent by all maps in occupied slots (ms)=1587000
		Total time spent by all reduces in occupied slots (ms)=319572
		Total time spent by all map tasks (ms)=1587000
		Total time spent by all reduce tasks (ms)=319572
		Total vcore-milliseconds taken by all map tasks=1587000
		Total vcore-milliseconds taken by all reduce tasks=319572
		Total megabyte-milliseconds taken by all map tasks=2137088000
		Total megabyte-milliseconds taken by all reduce tasks=328265728
	Map-Reduce Framework
		Map input records=150000000
		Map output records=150000000
		Map output bytes=7919000000
		Map output materialized bytes=8080000719
		Input split bytes=13440
		Combine input records=0
		Combine output records=0
		Reduce input groups=150000000
		Reduce shuffle bytes=8080000719
		Reduce input records=150000000
		Reduce output records=150000000
		Spilled Records=254763945
import java.io.IOException;
		Shuffled Maps =119
		Failed Shuffles=0
		Merged Map outputs=119
		GC time elapsed (ms)=40719
		CPU time spent (ms)=975919
		Physical memory (bytes) snapshot=35404636160
		Virtual memory (bytes) snapshot=238361882624
		Total committed heap usage (bytes)=24740626432
	Shuffle Errors
		BAD_ID=0
		CONNECTION=0
		IO_ERROR=0
		WRONG_LENGTH=0
		WRONG_MAP=0
		WRONG_REDUCE=0
	File Input Format Counters
		Bytes Read=15000487424
	File Output Format Counters
		Bytes Written=15000000000